Game.obj : error LNK2019: unresolved external symbol _SDL_GetError referenced in function "public: bool __thiscall Game::Initialize(void)" (?Initialize@Game@@QAE_NXZ)
Game.obj : error LNK2019: unresolved external symbol _SDL_FreeSurface referenced in function "public: struct SDL_Texture * __thiscall Game::GetTexture(class std::basic_string<char,struct std::char_traits<char>,class std::allocator<char> > const &)" (?GetTexture@Game@@QAEPAUSDL_Texture@@ABV?$basic_string@DU?$char_traits@D@std@@V?$allocator@D@2@@std@@@Z)
Game.obj : error LNK2019: unresolved external symbol _SDL_CreateWindow referenced in function "public: bool __thiscall Game::Initialize(void)" (?Initialize@Game@@QAE_NXZ)
Game.obj : error LNK2019: unresolved external symbol _SDL_DestroyWindow referenced in function "public: void __thiscall Game::Shutdown(void)" (?Shutdown@Game@@QAEXXZ)
Game.obj : error LNK2019: unresolved external symbol _SDL_GetKeyboardState referenced in function "private: void __thiscall Game::ProcessInput(void)" (?ProcessInput@Game@@AAEXXZ)
Game.obj : error LNK2019: unresolved external symbol _SDL_PollEvent referenced in function "private: void __thiscall Game::ProcessInput(void)" (?ProcessInput@Game@@AAEXXZ)
Game.obj : error LNK2019: unresolved external symbol _SDL_Log referenced in function "public: struct SDL_Texture * __thiscall Game::GetTexture(class std::basic_string<char,struct std::char_traits<char>,class std::allocator<char> > const &)" (?GetTexture@Game@@QAEPAUSDL_Texture@@ABV?$basic_string@DU?$char_traits@D@std@@V?$allocator@D@2@@std@@@Z)
Game.obj : error LNK2019: unresolved external symbol _SDL_CreateRenderer referenced in function "public: bool __thiscall Game::Initialize(void)" (?Initialize@Game@@QAE_NXZ)
Game.obj : error LNK2019: unresolved external symbol _SDL_CreateTextureFromSurface referenced in function "public: struct SDL_Texture * __thiscall Game::GetTexture(class std::basic_string<char,struct std::char_traits<char>,class std::allocator<char> > const &)" (?GetTexture@Game@@QAEPAUSDL_Texture@@ABV?$basic_string@DU?$char_traits@D@std@@V?$allocator@D@2@@std@@@Z)
Game.obj : error LNK2019: unresolved external symbol _SDL_SetRenderDrawColor referenced in function "private: void __thiscall Game::GenerateOutput(void)" (?GenerateOutput@Game@@AAEXXZ)
Game.obj : error LNK2019: unresolved external symbol _SDL_RenderClear referenced in function "private: void __thiscall Game::GenerateOutput(void)" (?GenerateOutput@Game@@AAEXXZ)
Game.obj : error LNK2019: unresolved external symbol _SDL_RenderPresent referenced in function "private: void __thiscall Game::GenerateOutput(void)" (?GenerateOutput@Game@@AAEXXZ)
Game.obj : error LNK2019: unresolved external symbol _SDL_DestroyTexture referenced in function "private: void __thiscall Game::UnloadData(void)" (?UnloadData@Game@@AAEXXZ)
Game.obj : error LNK2019: unresolved external symbol _SDL_DestroyRenderer referenced in function "public: void __thiscall Game::Shutdown(void)" (?Shutdown@Game@@QAEXXZ)
Game.obj : error LNK2019: unresolved external symbol _SDL_GetTicks referenced in function "public: bool __thiscall Game::Initialize(void)" (?Initialize@Game@@QAE_NXZ)
Game.obj : error LNK2019: unresolved external symbol _SDL_Init referenced in function "public: bool __thiscall Game::Initialize(void)" (?Initialize@Game@@QAE_NXZ)
Game.obj : error LNK2019: unresolved external symbol _SDL_Quit referenced in function "public: void __thiscall Game::Shutdown(void)" (?Shutdown@Game@@QAEXXZ)
Game.obj : error LNK2019: unresolved external symbol _IMG_Init referenced in function "public: bool __thiscall Game::Initialize(void)" (?Initialize@Game@@QAE_NXZ)
Game.obj : error LNK2019: unresolved external symbol _IMG_Quit referenced in function "public: void __thiscall Game::Shutdown(void)" (?Shutdown@Game@@QAEXXZ)
Game.obj : error LNK2019: unresolved external symbol _IMG_Load referenced in function "public: struct SDL_Texture * __thiscall Game::GetTexture(class std::basic_string<char,struct std::char_traits<char>,class std::allocator<char> > const &)" (?GetTexture@Game@@QAEPAUSDL_Texture@@ABV?$basic_string@DU?$char_traits@D@std@@V?$allocator@D@2@@std@@@Z)
SpriteComponent.obj : error LNK2019: unresolved external symbol _SDL_QueryTexture referenced in function "public: virtual void __thiscall SpriteComponent::SetTexture(struct SDL_Texture *)" (?SetTexture@SpriteComponent@@UAEXPAUSDL_Texture@@@Z)
SpriteComponent.obj : error LNK2019: unresolved external symbol _SDL_RenderCopyEx referenced in function "public: virtual void __thiscall SpriteComponent::Draw(struct SDL_Renderer *)" (?Draw@SpriteComponent@@UAEXPAUSDL_Renderer@@@Z)
MSVCRTD.lib(exe_main.obj) : error LNK2019: unresolved external symbol _main referenced in function "int __cdecl invoke_main(void)" (?invoke_main@@YAHXZ)
E:\projects\lib\SDL2-2.0.20\lib\x64\SDL2main.lib : warning LNK4272: library machine type 'x64' conflicts with target machine type 'x86'
E:\projects\lib\SDL2-2.0.20\lib\x64\SDL2.lib : warning LNK4272: library machine type 'x64' conflicts with target machine type 'x86'
E:\projects\lib\SDL2_image-2.0.5\lib\x64\SDL2_image.lib : warning LNK4272: library machine type 'x64' conflicts with target machine type 'x86'
E:\projects\sdl\Project3\Debug\Project3.exe : fatal error LNK1120: 23 unresolved externals
